<?xml version='1.0' encoding='UTF-8'?>
<testsuite hostname="Adnans-MacBook-Pro.local" name="todo.IdGeneratorSuite" tests="2" errors="0" failures="0" skipped="0" time="0.014" timestamp="2021-12-06T21:00:44">
          <properties>
      <property name="java.specification.version" value="17"/><property name="sun.jnu.encoding" value="UTF-8"/><property name="sun.arch.data.model" value="64"/><property name="sbt.supershell" value="false"/><property name="java.vendor.url" value="https://java.oracle.com/"/><property name="sun.boot.library.path" value="/Library/Java/JavaVirtualMachines/jdk-17.0.1.jdk/Contents/Home/lib"/><property name="sun.java.command" value="/Users/adnangondal/Library/Application Support/JetBrains/IdeaIC2021.2/plugins/Scala/launcher/sbt-launch.jar early(addPluginSbtFile=&quot;&quot;&quot;/private/var/folders/lz/y_94td910_ld9sr8yyvvdg200000gn/T/idea10.sbt&quot;&quot;&quot;) ; set ideaPort in Global := 56724 ; idea-shell"/><property name="jdk.debug" value="release"/><property name="sun.stderr.encoding" value="UTF-8"/><property name="java.specification.vendor" value="Oracle Corporation"/><property name="java.version.date" value="2021-10-19"/><property name="java.home" value="/Library/Java/JavaVirtualMachines/jdk-17.0.1.jdk/Contents/Home"/><property name="file.separator" value="/"/><property name="java.vm.compressedOopsMode" value="Zero based"/><property name="line.separator" value="
"/><property name="sun.stdout.encoding" value="UTF-8"/><property name="java.vm.specification.vendor" value="Oracle Corporation"/><property name="java.specification.name" value="Java Platform API Specification"/><property name="idea.installation.dir" value="/Applications/IntelliJ IDEA CE.app/Contents"/><property name="sun.management.compiler" value="HotSpot 64-Bit Tiered Compilers"/><property name="java.runtime.version" value="17.0.1+12-LTS-39"/><property name="user.name" value="adnangondal"/><property name="log4j.ignoreTCL" value="true"/><property name="file.encoding" value="UTF-8"/><property name="java.io.tmpdir" value="/var/folders/lz/y_94td910_ld9sr8yyvvdg200000gn/T/"/><property name="java.version" value="17.0.1"/><property name="java.vm.specification.name" value="Java Virtual Machine Specification"/><property name="native.encoding" value="UTF-8"/><property name="java.library.path" value="/Users/adnangondal/Library/Java/Extensions:/Library/Java/Extensions:/Network/Library/Java/Extensions:/System/Library/Java/Extensions:/usr/lib/java:."/><property name="java.vendor" value="Oracle Corporation"/><property name="sun.io.unicode.encoding" value="UnicodeBig"/><property name="socksNonProxyHosts" value="local|*.local|169.254/16|*.169.254/16"/><property name="java.class.path" value="/Users/adnangondal/Library/Application Support/JetBrains/IdeaIC2021.2/plugins/Scala/launcher/sbt-launch.jar"/><property name="java.vm.vendor" value="Oracle Corporation"/><property name="jline.shutdownhook" value="false"/><property name="user.timezone" value="Europe/London"/><property name="java.vm.specification.version" value="17"/><property name="os.name" value="Mac OS X"/><property name="sun.java.launcher" value="SUN_STANDARD"/><property name="user.country" value="GB"/><property name="http.nonProxyHosts" value="local|*.local|169.254/16|*.169.254/16"/><property name="sun.cpu.endian" value="little"/><property name="user.home" value="/Users/adnangondal"/><property name="user.language" value="en"/><property name="swoval.tmpdir" value="/Users/adnangondal/.sbt/1.0"/><property name="jline.esc.timeout" value="0"/><property name="ftp.nonProxyHosts" value="local|*.local|169.254/16|*.169.254/16"/><property name="path.separator" value=":"/><property name="os.version" value="11.4"/><property name="jna.nosys" value="true"/><property name="java.runtime.name" value="Java(TM) SE Runtime Environment"/><property name="java.vm.name" value="Java HotSpot(TM) 64-Bit Server VM"/><property name="java.vendor.url.bug" value="https://bugreport.java.com/bugreport/"/><property name="user.dir" value="/Users/adnangondal/proj/scala/todo"/><property name="os.arch" value="aarch64"/><property name="idea.managed" value="true"/><property name="java.vm.info" value="mixed mode, sharing"/><property name="java.vm.version" value="17.0.1+12-LTS-39"/><property name="java.class.version" value="61.0"/>
    </properties>
          <testcase classname="todo.IdGeneratorSuite" name="generated Ids are monotonically increasing" time="0.013">
                      
                    </testcase><testcase classname="todo.IdGeneratorSuite" name="generated Ids start with given Id" time="0.001">
                      
                    </testcase>
          <system-out><![CDATA[]]></system-out>
          <system-err><![CDATA[]]></system-err>
        </testsuite>