<?xml version='1.0' encoding='UTF-8'?>
<testsuite hostname="Adnans-MacBook-Pro.local" name="retcalc.RetCalcSpec" tests="7" errors="0" failures="0" skipped="0" time="1.438" timestamp="2022-01-05T17:05:24">
          <properties>
      <property name="jline.esc.timeout" value="0"/><property name="jna.platform.library.path" value="/usr/lib:/usr/lib"/><property name="java.runtime.name" value="Java(TM) SE Runtime Environment"/><property name="sun.boot.library.path" value="/Library/Java/JavaVirtualMachines/jdk1.8.0_311.jdk/Contents/Home/jre/lib"/><property name="java.vm.version" value="25.311-b11"/><property name="gopherProxySet" value="false"/><property name="java.vm.vendor" value="Oracle Corporation"/><property name="java.vendor.url" value="http://java.oracle.com/"/><property name="path.separator" value=":"/><property name="jna.loaded" value="true"/><property name="java.vm.name" value="Java HotSpot(TM) 64-Bit Server VM"/><property name="file.encoding.pkg" value="sun.io"/><property name="user.country" value="GB"/><property name="sun.java.launcher" value="SUN_STANDARD"/><property name="sun.os.patch.level" value="unknown"/><property name="jna.nosys" value="true"/><property name="java.vm.specification.name" value="Java Virtual Machine Specification"/><property name="user.dir" value="/Users/adnangondal/proj/scala/retirement_calculator"/><property name="java.runtime.version" value="1.8.0_311-b11"/><property name="java.awt.graphicsenv" value="sun.awt.CGraphicsEnvironment"/><property name="idea.managed" value="true"/><property name="java.endorsed.dirs" value="/Library/Java/JavaVirtualMachines/jdk1.8.0_311.jdk/Contents/Home/jre/lib/endorsed"/><property name="os.arch" value="x86_64"/><property name="java.io.tmpdir" value="/var/folders/lz/y_94td910_ld9sr8yyvvdg200000gn/T/"/><property name="line.separator" value="
"/><property name="java.vm.specification.vendor" value="Oracle Corporation"/><property name="log4j.ignoreTCL" value="true"/><property name="os.name" value="Mac OS X"/><property name="sun.jnu.encoding" value="UTF-8"/><property name="jnidispatch.path" value="/Users/adnangondal/Library/Caches/JNA/temp/jna3483294625319201968.tmp"/><property name="java.library.path" value="/Users/adnangondal/Library/Java/Extensions:/Library/Java/Extensions:/Network/Library/Java/Extensions:/System/Library/Java/Extensions:/usr/lib/java:."/><property name="java.specification.name" value="Java Platform API Specification"/><property name="java.class.version" value="52.0"/><property name="sun.management.compiler" value="HotSpot 64-Bit Tiered Compilers"/><property name="os.version" value="10.16"/><property name="http.nonProxyHosts" value="local|*.local|169.254/16|*.169.254/16"/><property name="swoval.tmpdir" value="/Users/adnangondal/.sbt/1.0"/><property name="user.home" value="/Users/adnangondal"/><property name="user.timezone" value="Europe/London"/><property name="java.awt.printerjob" value="sun.lwawt.macosx.CPrinterJob"/><property name="idea.installation.dir" value="/Applications/IntelliJ IDEA CE.app/Contents"/><property name="file.encoding" value="UTF-8"/><property name="java.specification.version" value="1.8"/><property name="java.class.path" value="/Users/adnangondal/Library/Application Support/JetBrains/IdeaIC2021.2/plugins/Scala/launcher/sbt-launch.jar"/><property name="user.name" value="adnangondal"/><property name="jline.shutdownhook" value="false"/><property name="java.vm.specification.version" value="1.8"/><property name="sun.java.command" value="/Users/adnangondal/Library/Application Support/JetBrains/IdeaIC2021.2/plugins/Scala/launcher/sbt-launch.jar early(addPluginSbtFile=&quot;&quot;&quot;/private/var/folders/lz/y_94td910_ld9sr8yyvvdg200000gn/T/idea6.sbt&quot;&quot;&quot;) ; set ideaPort in Global := 57123 ; idea-shell"/><property name="java.home" value="/Library/Java/JavaVirtualMachines/jdk1.8.0_311.jdk/Contents/Home/jre"/><property name="sun.arch.data.model" value="64"/><property name="user.language" value="en"/><property name="java.specification.vendor" value="Oracle Corporation"/><property name="awt.toolkit" value="sun.lwawt.macosx.LWCToolkit"/><property name="java.vm.info" value="mixed mode"/><property name="java.version" value="1.8.0_311"/><property name="java.ext.dirs" value="/Users/adnangondal/Library/Java/Extensions:/Library/Java/JavaVirtualMachines/jdk1.8.0_311.jdk/Contents/Home/jre/lib/ext:/Library/Java/Extensions:/Network/Library/Java/Extensions:/System/Library/Java/Extensions:/usr/lib/java"/><property name="sun.boot.class.path" value="/Library/Java/JavaVirtualMachines/jdk1.8.0_311.jdk/Contents/Home/jre/lib/resources.jar:/Library/Java/JavaVirtualMachines/jdk1.8.0_311.jdk/Contents/Home/jre/lib/rt.jar:/Library/Java/JavaVirtualMachines/jdk1.8.0_311.jdk/Contents/Home/jre/lib/sunrsasign.jar:/Library/Java/JavaVirtualMachines/jdk1.8.0_311.jdk/Contents/Home/jre/lib/jsse.jar:/Library/Java/JavaVirtualMachines/jdk1.8.0_311.jdk/Contents/Home/jre/lib/jce.jar:/Library/Java/JavaVirtualMachines/jdk1.8.0_311.jdk/Contents/Home/jre/lib/charsets.jar:/Library/Java/JavaVirtualMachines/jdk1.8.0_311.jdk/Contents/Home/jre/lib/jfr.jar:/Library/Java/JavaVirtualMachines/jdk1.8.0_311.jdk/Contents/Home/jre/classes"/><property name="java.vendor" value="Oracle Corporation"/><property name="file.separator" value="/"/><property name="java.vendor.url.bug" value="http://bugreport.sun.com/bugreport/"/><property name="sbt.supershell" value="false"/><property name="sun.io.unicode.encoding" value="UnicodeBig"/><property name="sun.cpu.endian" value="little"/><property name="socksNonProxyHosts" value="local|*.local|169.254/16|*.169.254/16"/><property name="ftp.nonProxyHosts" value="local|*.local|169.254/16|*.169.254/16"/><property name="sun.cpu.isalist" value=""/>
    </properties>
          <testcase classname="retcalc.RetCalcSpec" name="RetCalc.futureCapital should calculate the amount of savings I will have in n months" time="0.019">
                      
                    </testcase><testcase classname="retcalc.RetCalcSpec" name="RetCalc.futureCapital should calculate how much savings will be left after having taken a pension for n months" time="0.001">
                      
                    </testcase><testcase classname="retcalc.RetCalcSpec" name="RetCalc.nbOfMonthsSaving should calculate how long I need to save before I can retire" time="0.109">
                      
                    </testcase><testcase classname="retcalc.RetCalcSpec" name="RetCalc.nbOfMonthsSaving should not crash if the resulting nbOfMonths is very high" time="1.286">
                      
                    </testcase><testcase classname="retcalc.RetCalcSpec" name="RetCalc.nbOfMonthsSaving should not loop forever if I enter bad parameters" time="0.013">
                      
                    </testcase><testcase classname="retcalc.RetCalcSpec" name="RetCalc.nbOfMonthsSaving should RetCalc.simulatePlan should calculate the capital at retirement and the capital after death" time="0.001">
                      
                    </testcase><testcase classname="retcalc.RetCalcSpec" name="RetCalc.nbOfMonthsSaving should RetCalc.simulatePlan should use different returns for capitalisation and drawdown" time="0.009">
                      
                    </testcase>
          <system-out><![CDATA[]]></system-out>
          <system-err><![CDATA[]]></system-err>
        </testsuite>